{"/Users/leimengda/projects/React-native-AWS/AWSSignature/spec/AWSSignatureTest.js":{"path":"/Users/leimengda/projects/React-native-AWS/AWSSignature/spec/AWSSignatureTest.js","s":{"1":1,"2":1,"3":1,"4":1,"5":1,"6":15,"7":1,"8":1,"9":1,"10":1,"11":1,"12":1,"13":1,"14":1,"15":1,"16":1,"17":1,"18":1,"19":1,"20":1,"21":1,"22":1,"23":1,"24":1,"25":1,"26":1,"27":1,"28":1,"29":1,"30":1,"31":1,"32":1,"33":1,"34":1,"35":1,"36":1,"37":1,"38":1,"39":1,"40":1,"41":1,"42":1,"43":1,"44":1,"45":1,"46":1,"47":1,"48":1,"49":1,"50":1,"51":1,"52":1,"53":1,"54":1,"55":1,"56":1,"57":1,"58":4,"59":1,"60":1,"61":1,"62":1,"63":1,"64":1,"65":1,"66":1,"67":1,"68":1,"69":1,"70":1},"b":{},"f":{"1":1,"2":1,"3":1,"4":1,"5":1,"6":1,"7":1},"fnMap":{"1":{"name":"(anonymous_1)","line":22,"loc":{"start":{"line":22,"column":17},"end":{"line":22,"column":28}}},"2":{"name":"(anonymous_2)","line":29,"loc":{"start":{"line":29,"column":21},"end":{"line":29,"column":32}}},"3":{"name":"(anonymous_3)","line":36,"loc":{"start":{"line":36,"column":21},"end":{"line":36,"column":32}}},"4":{"name":"(anonymous_4)","line":43,"loc":{"start":{"line":43,"column":21},"end":{"line":43,"column":32}}},"5":{"name":"(anonymous_5)","line":50,"loc":{"start":{"line":50,"column":21},"end":{"line":50,"column":32}}},"6":{"name":"(anonymous_6)","line":57,"loc":{"start":{"line":57,"column":21},"end":{"line":57,"column":32}}},"7":{"name":"(anonymous_7)","line":87,"loc":{"start":{"line":87,"column":24},"end":{"line":87,"column":35}}}},"statementMap":{"1":{"start":{"line":2,"column":0},"end":{"line":141,"column":3}},"2":{"start":{"line":3,"column":1},"end":{"line":3,"column":51}},"3":{"start":{"line":4,"column":1},"end":{"line":4,"column":32}},"4":{"start":{"line":5,"column":1},"end":{"line":5,"column":15}},"5":{"start":{"line":6,"column":1},"end":{"line":8,"column":4}},"6":{"start":{"line":7,"column":2},"end":{"line":7,"column":33}},"7":{"start":{"line":9,"column":1},"end":{"line":14,"column":4}},"8":{"start":{"line":10,"column":2},"end":{"line":13,"column":4}},"9":{"start":{"line":11,"column":3},"end":{"line":11,"column":76}},"10":{"start":{"line":12,"column":3},"end":{"line":12,"column":53}},"11":{"start":{"line":16,"column":1},"end":{"line":63,"column":4}},"12":{"start":{"line":17,"column":2},"end":{"line":18,"column":32}},"13":{"start":{"line":20,"column":2},"end":{"line":26,"column":5}},"14":{"start":{"line":21,"column":3},"end":{"line":24,"column":5}},"15":{"start":{"line":23,"column":4},"end":{"line":23,"column":55}},"16":{"start":{"line":25,"column":3},"end":{"line":25,"column":37}},"17":{"start":{"line":28,"column":2},"end":{"line":33,"column":5}},"18":{"start":{"line":29,"column":3},"end":{"line":31,"column":5}},"19":{"start":{"line":30,"column":4},"end":{"line":30,"column":55}},"20":{"start":{"line":32,"column":3},"end":{"line":32,"column":78}},"21":{"start":{"line":35,"column":2},"end":{"line":40,"column":5}},"22":{"start":{"line":36,"column":3},"end":{"line":38,"column":5}},"23":{"start":{"line":37,"column":4},"end":{"line":37,"column":57}},"24":{"start":{"line":39,"column":3},"end":{"line":39,"column":69}},"25":{"start":{"line":42,"column":2},"end":{"line":47,"column":5}},"26":{"start":{"line":43,"column":3},"end":{"line":45,"column":5}},"27":{"start":{"line":44,"column":4},"end":{"line":44,"column":53}},"28":{"start":{"line":46,"column":3},"end":{"line":46,"column":66}},"29":{"start":{"line":49,"column":2},"end":{"line":54,"column":5}},"30":{"start":{"line":50,"column":3},"end":{"line":52,"column":5}},"31":{"start":{"line":51,"column":4},"end":{"line":51,"column":67}},"32":{"start":{"line":53,"column":3},"end":{"line":53,"column":79}},"33":{"start":{"line":56,"column":2},"end":{"line":61,"column":5}},"34":{"start":{"line":57,"column":3},"end":{"line":59,"column":5}},"35":{"start":{"line":58,"column":4},"end":{"line":58,"column":61}},"36":{"start":{"line":60,"column":3},"end":{"line":60,"column":75}},"37":{"start":{"line":65,"column":1},"end":{"line":93,"column":4}},"38":{"start":{"line":66,"column":2},"end":{"line":84,"column":5}},"39":{"start":{"line":67,"column":3},"end":{"line":70,"column":6}},"40":{"start":{"line":68,"column":4},"end":{"line":68,"column":44}},"41":{"start":{"line":69,"column":4},"end":{"line":69,"column":77}},"42":{"start":{"line":72,"column":3},"end":{"line":76,"column":6}},"43":{"start":{"line":73,"column":4},"end":{"line":74,"column":41}},"44":{"start":{"line":75,"column":4},"end":{"line":75,"column":77}},"45":{"start":{"line":78,"column":3},"end":{"line":83,"column":6}},"46":{"start":{"line":79,"column":4},"end":{"line":80,"column":41}},"47":{"start":{"line":81,"column":4},"end":{"line":81,"column":41}},"48":{"start":{"line":82,"column":4},"end":{"line":82,"column":79}},"49":{"start":{"line":86,"column":2},"end":{"line":91,"column":5}},"50":{"start":{"line":87,"column":3},"end":{"line":89,"column":4}},"51":{"start":{"line":88,"column":4},"end":{"line":88,"column":42}},"52":{"start":{"line":90,"column":3},"end":{"line":90,"column":66}},"53":{"start":{"line":95,"column":1},"end":{"line":140,"column":4}},"54":{"start":{"line":96,"column":2},"end":{"line":99,"column":4}},"55":{"start":{"line":100,"column":2},"end":{"line":111,"column":4}},"56":{"start":{"line":113,"column":2},"end":{"line":113,"column":61}},"57":{"start":{"line":115,"column":2},"end":{"line":117,"column":5}},"58":{"start":{"line":116,"column":3},"end":{"line":116,"column":32}},"59":{"start":{"line":119,"column":2},"end":{"line":123,"column":5}},"60":{"start":{"line":120,"column":3},"end":{"line":121,"column":201}},"61":{"start":{"line":122,"column":3},"end":{"line":122,"column":48}},"62":{"start":{"line":125,"column":2},"end":{"line":129,"column":5}},"63":{"start":{"line":126,"column":3},"end":{"line":127,"column":166}},"64":{"start":{"line":128,"column":3},"end":{"line":128,"column":45}},"65":{"start":{"line":131,"column":2},"end":{"line":134,"column":5}},"66":{"start":{"line":132,"column":3},"end":{"line":132,"column":47}},"67":{"start":{"line":133,"column":3},"end":{"line":133,"column":97}},"68":{"start":{"line":136,"column":2},"end":{"line":139,"column":5}},"69":{"start":{"line":137,"column":3},"end":{"line":137,"column":64}},"70":{"start":{"line":138,"column":3},"end":{"line":138,"column":243}}},"branchMap":{}},"/Users/leimengda/projects/React-native-AWS/AWSSignature/lib/AWSSignature.js":{"path":"/Users/leimengda/projects/React-native-AWS/AWSSignature/lib/AWSSignature.js","s":{"1":1,"2":1,"3":1,"4":1,"5":1,"6":1,"7":1,"8":25,"9":25,"10":25,"11":25,"12":25,"13":25,"14":25,"15":25,"16":25,"17":67,"18":67,"19":67,"20":67,"21":67,"22":67,"23":67,"24":67,"25":45,"26":45,"27":45,"28":45,"29":45,"30":45,"31":23,"32":23,"33":22,"34":22,"35":81,"36":81,"37":1,"38":80,"39":1,"40":79,"41":1,"42":78,"43":1,"44":77,"45":286,"46":77,"47":254,"48":1,"49":77,"50":1,"51":25,"52":25,"53":25,"54":25,"55":0,"56":0,"57":0,"58":25,"59":29,"60":1,"61":28,"62":90,"63":26,"64":13,"65":13,"66":13,"67":8,"68":6,"69":2,"70":0,"71":2,"72":2,"73":0,"74":0,"75":0,"76":13,"77":21,"78":21,"79":67,"80":67,"81":67,"82":67,"83":67,"84":67,"85":67,"86":67,"87":158,"88":67,"89":91,"90":67,"91":67,"92":158,"93":158,"94":158,"95":67,"96":158,"97":368,"98":156,"99":212,"100":89,"101":89,"102":210,"103":210,"104":210,"105":89,"106":67,"107":0,"108":67,"109":0,"110":67,"111":112,"112":42,"113":42,"114":42,"115":0,"116":42,"117":115,"118":23,"119":92,"120":1},"b":{"1":[1,80],"2":[1,79],"3":[1,78],"4":[1,77],"5":[1,253],"6":[1,76],"7":[0,25],"8":[0,0],"9":[1,28],"10":[13,13],"11":[6,2],"12":[0,2],"13":[2,0],"14":[0,0],"15":[21,1],"16":[87,4],"17":[158,0],"18":[156,212],"19":[210,0],"20":[0,67],"21":[0,67],"22":[67,61],"23":[23,92],"24":[115,23]},"f":{"1":36,"2":25,"3":67,"4":45,"5":23,"6":22,"7":81,"8":25,"9":29,"10":90,"11":26,"12":67,"13":67,"14":91,"15":158,"16":158,"17":368,"18":89,"19":67,"20":112,"21":42,"22":0,"23":115},"fnMap":{"1":{"name":"(anonymous_1)","line":32,"loc":{"start":{"line":32,"column":12},"end":{"line":32,"column":15}}},"2":{"name":"(anonymous_2)","line":35,"loc":{"start":{"line":35,"column":10},"end":{"line":35,"column":20}}},"3":{"name":"(anonymous_3)","line":47,"loc":{"start":{"line":47,"column":19},"end":{"line":47,"column":22}}},"4":{"name":"(anonymous_4)","line":58,"loc":{"start":{"line":58,"column":16},"end":{"line":58,"column":19}}},"5":{"name":"(anonymous_5)","line":68,"loc":{"start":{"line":68,"column":13},"end":{"line":68,"column":16}}},"6":{"name":"(anonymous_6)","line":77,"loc":{"start":{"line":77,"column":23},"end":{"line":77,"column":26}}},"7":{"name":"(anonymous_7)","line":83,"loc":{"start":{"line":83,"column":27},"end":{"line":83,"column":42}}},"8":{"name":"(anonymous_8)","line":100,"loc":{"start":{"line":100,"column":26},"end":{"line":100,"column":36}}},"9":{"name":"(anonymous_9)","line":115,"loc":{"start":{"line":115,"column":15},"end":{"line":115,"column":32}}},"10":{"name":"(anonymous_10)","line":120,"loc":{"start":{"line":120,"column":8},"end":{"line":120,"column":11}}},"11":{"name":"(anonymous_11)","line":124,"loc":{"start":{"line":124,"column":23},"end":{"line":124,"column":37}}},"12":{"name":"(anonymous_12)","line":149,"loc":{"start":{"line":149,"column":20},"end":{"line":149,"column":23}}},"13":{"name":"(anonymous_13)","line":158,"loc":{"start":{"line":158,"column":20},"end":{"line":158,"column":23}}},"14":{"name":"(anonymous_14)","line":163,"loc":{"start":{"line":163,"column":15},"end":{"line":163,"column":31}}},"15":{"name":"(anonymous_15)","line":167,"loc":{"start":{"line":167,"column":18},"end":{"line":167,"column":33}}},"16":{"name":"(anonymous_16)","line":177,"loc":{"start":{"line":177,"column":25},"end":{"line":177,"column":34}}},"17":{"name":"(anonymous_17)","line":181,"loc":{"start":{"line":181,"column":17},"end":{"line":181,"column":23}}},"18":{"name":"(anonymous_18)","line":186,"loc":{"start":{"line":186,"column":17},"end":{"line":186,"column":20}}},"19":{"name":"(anonymous_19)","line":195,"loc":{"start":{"line":195,"column":19},"end":{"line":195,"column":22}}},"20":{"name":"(anonymous_20)","line":205,"loc":{"start":{"line":205,"column":18},"end":{"line":205,"column":27}}},"21":{"name":"(anonymous_21)","line":209,"loc":{"start":{"line":209,"column":10},"end":{"line":209,"column":19}}},"22":{"name":"(anonymous_22)","line":214,"loc":{"start":{"line":214,"column":34},"end":{"line":214,"column":47}}},"23":{"name":"(anonymous_23)","line":221,"loc":{"start":{"line":221,"column":12},"end":{"line":221,"column":34}}}},"statementMap":{"1":{"start":{"line":2,"column":0},"end":{"line":2,"column":34}},"2":{"start":{"line":3,"column":0},"end":{"line":3,"column":31}},"3":{"start":{"line":5,"column":0},"end":{"line":5,"column":37}},"4":{"start":{"line":6,"column":0},"end":{"line":6,"column":94}},"5":{"start":{"line":7,"column":0},"end":{"line":15,"column":2}},"6":{"start":{"line":16,"column":0},"end":{"line":24,"column":2}},"7":{"start":{"line":25,"column":0},"end":{"line":27,"column":2}},"8":{"start":{"line":36,"column":2},"end":{"line":36,"column":42}},"9":{"start":{"line":37,"column":2},"end":{"line":37,"column":45}},"10":{"start":{"line":38,"column":2},"end":{"line":38,"column":45}},"11":{"start":{"line":39,"column":2},"end":{"line":39,"column":77}},"12":{"start":{"line":40,"column":2},"end":{"line":40,"column":33}},"13":{"start":{"line":41,"column":2},"end":{"line":41,"column":33}},"14":{"start":{"line":42,"column":2},"end":{"line":42,"column":27}},"15":{"start":{"line":43,"column":2},"end":{"line":43,"column":31}},"16":{"start":{"line":44,"column":2},"end":{"line":44,"column":41}},"17":{"start":{"line":48,"column":2},"end":{"line":48,"column":43}},"18":{"start":{"line":49,"column":2},"end":{"line":49,"column":26}},"19":{"start":{"line":50,"column":2},"end":{"line":50,"column":28}},"20":{"start":{"line":51,"column":2},"end":{"line":51,"column":31}},"21":{"start":{"line":52,"column":2},"end":{"line":52,"column":48}},"22":{"start":{"line":53,"column":2},"end":{"line":53,"column":38}},"23":{"start":{"line":54,"column":2},"end":{"line":54,"column":40}},"24":{"start":{"line":55,"column":2},"end":{"line":55,"column":26}},"25":{"start":{"line":59,"column":2},"end":{"line":59,"column":17}},"26":{"start":{"line":60,"column":2},"end":{"line":60,"column":24}},"27":{"start":{"line":61,"column":2},"end":{"line":61,"column":28}},"28":{"start":{"line":62,"column":2},"end":{"line":62,"column":41}},"29":{"start":{"line":63,"column":2},"end":{"line":63,"column":64}},"30":{"start":{"line":65,"column":2},"end":{"line":65,"column":26}},"31":{"start":{"line":69,"column":2},"end":{"line":72,"column":62}},"32":{"start":{"line":74,"column":2},"end":{"line":74,"column":71}},"33":{"start":{"line":78,"column":2},"end":{"line":78,"column":179}},"34":{"start":{"line":80,"column":2},"end":{"line":80,"column":35}},"35":{"start":{"line":84,"column":2},"end":{"line":84,"column":23}},"36":{"start":{"line":85,"column":2},"end":{"line":85,"column":87}},"37":{"start":{"line":85,"column":34},"end":{"line":85,"column":87}},"38":{"start":{"line":86,"column":2},"end":{"line":86,"column":89}},"39":{"start":{"line":86,"column":40},"end":{"line":86,"column":89}},"40":{"start":{"line":87,"column":2},"end":{"line":87,"column":71}},"41":{"start":{"line":87,"column":28},"end":{"line":87,"column":71}},"42":{"start":{"line":88,"column":2},"end":{"line":88,"column":64}},"43":{"start":{"line":88,"column":24},"end":{"line":88,"column":64}},"44":{"start":{"line":90,"column":2},"end":{"line":90,"column":79}},"45":{"start":{"line":90,"column":51},"end":{"line":90,"column":76}},"46":{"start":{"line":91,"column":2},"end":{"line":93,"column":5}},"47":{"start":{"line":92,"column":3},"end":{"line":92,"column":72}},"48":{"start":{"line":92,"column":50},"end":{"line":92,"column":72}},"49":{"start":{"line":95,"column":2},"end":{"line":97,"column":3}},"50":{"start":{"line":96,"column":3},"end":{"line":96,"column":74}},"51":{"start":{"line":101,"column":2},"end":{"line":101,"column":66}},"52":{"start":{"line":102,"column":2},"end":{"line":102,"column":85}},"53":{"start":{"line":103,"column":2},"end":{"line":103,"column":69}},"54":{"start":{"line":104,"column":2},"end":{"line":112,"column":3}},"55":{"start":{"line":105,"column":3},"end":{"line":109,"column":4}},"56":{"start":{"line":106,"column":4},"end":{"line":106,"column":61}},"57":{"start":{"line":108,"column":4},"end":{"line":108,"column":62}},"58":{"start":{"line":111,"column":3},"end":{"line":111,"column":77}},"59":{"start":{"line":116,"column":2},"end":{"line":116,"column":78}},"60":{"start":{"line":116,"column":41},"end":{"line":116,"column":78}},"61":{"start":{"line":117,"column":2},"end":{"line":117,"column":76}},"62":{"start":{"line":121,"column":2},"end":{"line":121,"column":34}},"63":{"start":{"line":125,"column":2},"end":{"line":125,"column":43}},"64":{"start":{"line":125,"column":33},"end":{"line":125,"column":43}},"65":{"start":{"line":126,"column":2},"end":{"line":126,"column":35}},"66":{"start":{"line":127,"column":2},"end":{"line":139,"column":5}},"67":{"start":{"line":128,"column":3},"end":{"line":138,"column":4}},"68":{"start":{"line":129,"column":4},"end":{"line":129,"column":13}},"69":{"start":{"line":130,"column":10},"end":{"line":138,"column":4}},"70":{"start":{"line":131,"column":4},"end":{"line":131,"column":14}},"71":{"start":{"line":132,"column":10},"end":{"line":138,"column":4}},"72":{"start":{"line":133,"column":4},"end":{"line":133,"column":13}},"73":{"start":{"line":134,"column":10},"end":{"line":138,"column":4}},"74":{"start":{"line":135,"column":4},"end":{"line":135,"column":14}},"75":{"start":{"line":137,"column":4},"end":{"line":137,"column":13}},"76":{"start":{"line":141,"column":2},"end":{"line":145,"column":15}},"77":{"start":{"line":142,"column":3},"end":{"line":143,"column":38}},"78":{"start":{"line":144,"column":3},"end":{"line":144,"column":61}},"79":{"start":{"line":150,"column":2},"end":{"line":150,"column":17}},"80":{"start":{"line":151,"column":2},"end":{"line":151,"column":29}},"81":{"start":{"line":152,"column":2},"end":{"line":152,"column":26}},"82":{"start":{"line":153,"column":2},"end":{"line":153,"column":27}},"83":{"start":{"line":154,"column":2},"end":{"line":154,"column":29}},"84":{"start":{"line":155,"column":2},"end":{"line":155,"column":25}},"85":{"start":{"line":159,"column":2},"end":{"line":159,"column":19}},"86":{"start":{"line":160,"column":2},"end":{"line":162,"column":3}},"87":{"start":{"line":161,"column":3},"end":{"line":161,"column":42}},"88":{"start":{"line":163,"column":2},"end":{"line":165,"column":5}},"89":{"start":{"line":164,"column":4},"end":{"line":164,"column":60}},"90":{"start":{"line":166,"column":2},"end":{"line":166,"column":17}},"91":{"start":{"line":167,"column":2},"end":{"line":173,"column":11}},"92":{"start":{"line":168,"column":3},"end":{"line":168,"column":35}},"93":{"start":{"line":169,"column":3},"end":{"line":172,"column":4}},"94":{"start":{"line":170,"column":4},"end":{"line":171,"column":57}},"95":{"start":{"line":174,"column":2},"end":{"line":174,"column":26}},"96":{"start":{"line":178,"column":2},"end":{"line":178,"column":63}},"97":{"start":{"line":182,"column":2},"end":{"line":182,"column":61}},"98":{"start":{"line":182,"column":49},"end":{"line":182,"column":61}},"99":{"start":{"line":183,"column":2},"end":{"line":183,"column":45}},"100":{"start":{"line":187,"column":2},"end":{"line":187,"column":16}},"101":{"start":{"line":188,"column":2},"end":{"line":191,"column":3}},"102":{"start":{"line":189,"column":3},"end":{"line":189,"column":27}},"103":{"start":{"line":190,"column":3},"end":{"line":190,"column":50}},"104":{"start":{"line":190,"column":35},"end":{"line":190,"column":50}},"105":{"start":{"line":192,"column":2},"end":{"line":192,"column":31}},"106":{"start":{"line":196,"column":2},"end":{"line":202,"column":3}},"107":{"start":{"line":197,"column":4},"end":{"line":197,"column":30}},"108":{"start":{"line":198,"column":9},"end":{"line":202,"column":3}},"109":{"start":{"line":199,"column":4},"end":{"line":199,"column":48}},"110":{"start":{"line":201,"column":4},"end":{"line":201,"column":51}},"111":{"start":{"line":206,"column":2},"end":{"line":206,"column":56}},"112":{"start":{"line":210,"column":2},"end":{"line":210,"column":42}},"113":{"start":{"line":211,"column":2},"end":{"line":211,"column":58}},"114":{"start":{"line":214,"column":2},"end":{"line":216,"column":5}},"115":{"start":{"line":215,"column":3},"end":{"line":215,"column":60}},"116":{"start":{"line":218,"column":2},"end":{"line":218,"column":16}},"117":{"start":{"line":222,"column":2},"end":{"line":226,"column":3}},"118":{"start":{"line":223,"column":3},"end":{"line":223,"column":65}},"119":{"start":{"line":225,"column":3},"end":{"line":225,"column":40}},"120":{"start":{"line":230,"column":0},"end":{"line":230,"column":30}}},"branchMap":{"1":{"line":85,"type":"if","locations":[{"start":{"line":85,"column":2},"end":{"line":85,"column":2}},{"start":{"line":85,"column":2},"end":{"line":85,"column":2}}]},"2":{"line":86,"type":"if","locations":[{"start":{"line":86,"column":2},"end":{"line":86,"column":2}},{"start":{"line":86,"column":2},"end":{"line":86,"column":2}}]},"3":{"line":87,"type":"if","locations":[{"start":{"line":87,"column":2},"end":{"line":87,"column":2}},{"start":{"line":87,"column":2},"end":{"line":87,"column":2}}]},"4":{"line":88,"type":"if","locations":[{"start":{"line":88,"column":2},"end":{"line":88,"column":2}},{"start":{"line":88,"column":2},"end":{"line":88,"column":2}}]},"5":{"line":92,"type":"if","locations":[{"start":{"line":92,"column":3},"end":{"line":92,"column":3}},{"start":{"line":92,"column":3},"end":{"line":92,"column":3}}]},"6":{"line":95,"type":"if","locations":[{"start":{"line":95,"column":2},"end":{"line":95,"column":2}},{"start":{"line":95,"column":2},"end":{"line":95,"column":2}}]},"7":{"line":104,"type":"if","locations":[{"start":{"line":104,"column":2},"end":{"line":104,"column":2}},{"start":{"line":104,"column":2},"end":{"line":104,"column":2}}]},"8":{"line":105,"type":"if","locations":[{"start":{"line":105,"column":3},"end":{"line":105,"column":3}},{"start":{"line":105,"column":3},"end":{"line":105,"column":3}}]},"9":{"line":116,"type":"if","locations":[{"start":{"line":116,"column":2},"end":{"line":116,"column":2}},{"start":{"line":116,"column":2},"end":{"line":116,"column":2}}]},"10":{"line":125,"type":"if","locations":[{"start":{"line":125,"column":2},"end":{"line":125,"column":2}},{"start":{"line":125,"column":2},"end":{"line":125,"column":2}}]},"11":{"line":128,"type":"if","locations":[{"start":{"line":128,"column":3},"end":{"line":128,"column":3}},{"start":{"line":128,"column":3},"end":{"line":128,"column":3}}]},"12":{"line":130,"type":"if","locations":[{"start":{"line":130,"column":10},"end":{"line":130,"column":10}},{"start":{"line":130,"column":10},"end":{"line":130,"column":10}}]},"13":{"line":132,"type":"if","locations":[{"start":{"line":132,"column":10},"end":{"line":132,"column":10}},{"start":{"line":132,"column":10},"end":{"line":132,"column":10}}]},"14":{"line":134,"type":"if","locations":[{"start":{"line":134,"column":10},"end":{"line":134,"column":10}},{"start":{"line":134,"column":10},"end":{"line":134,"column":10}}]},"15":{"line":143,"type":"binary-expr","locations":[{"start":{"line":143,"column":12},"end":{"line":143,"column":31}},{"start":{"line":143,"column":35},"end":{"line":143,"column":37}}]},"16":{"line":164,"type":"cond-expr","locations":[{"start":{"line":164,"column":53},"end":{"line":164,"column":55}},{"start":{"line":164,"column":58},"end":{"line":164,"column":59}}]},"17":{"line":169,"type":"if","locations":[{"start":{"line":169,"column":3},"end":{"line":169,"column":3}},{"start":{"line":169,"column":3},"end":{"line":169,"column":3}}]},"18":{"line":182,"type":"if","locations":[{"start":{"line":182,"column":2},"end":{"line":182,"column":2}},{"start":{"line":182,"column":2},"end":{"line":182,"column":2}}]},"19":{"line":190,"type":"if","locations":[{"start":{"line":190,"column":3},"end":{"line":190,"column":3}},{"start":{"line":190,"column":3},"end":{"line":190,"column":3}}]},"20":{"line":196,"type":"if","locations":[{"start":{"line":196,"column":2},"end":{"line":196,"column":2}},{"start":{"line":196,"column":2},"end":{"line":196,"column":2}}]},"21":{"line":198,"type":"if","locations":[{"start":{"line":198,"column":9},"end":{"line":198,"column":9}},{"start":{"line":198,"column":9},"end":{"line":198,"column":9}}]},"22":{"line":201,"type":"binary-expr","locations":[{"start":{"line":201,"column":34},"end":{"line":201,"column":43}},{"start":{"line":201,"column":47},"end":{"line":201,"column":49}}]},"23":{"line":222,"type":"if","locations":[{"start":{"line":222,"column":2},"end":{"line":222,"column":2}},{"start":{"line":222,"column":2},"end":{"line":222,"column":2}}]},"24":{"line":222,"type":"binary-expr","locations":[{"start":{"line":222,"column":6},"end":{"line":222,"column":26}},{"start":{"line":222,"column":30},"end":{"line":222,"column":59}}]}}},"/Users/leimengda/projects/React-native-AWS/AWSSignature/spec/AWSSignatureWithAWSTestSuiteTest.js":{"path":"/Users/leimengda/projects/React-native-AWS/AWSSignature/spec/AWSSignatureWithAWSTestSuiteTest.js","s":{"1":1,"2":1,"3":1,"4":1,"5":1,"6":1,"7":22,"8":21,"9":22,"10":22,"11":136,"12":126,"13":126,"14":21,"15":105,"16":21,"17":1,"18":21,"19":21,"20":21,"21":21,"22":21,"23":59,"24":59,"25":55,"26":50,"27":5,"28":4,"29":2,"30":21,"31":21,"32":21,"33":21,"34":21,"35":21,"36":21,"37":21,"38":21,"39":21,"40":21,"41":21,"42":21},"b":{"1":[21,1],"2":[126,10],"3":[21,105],"4":[21,84],"5":[55,4],"6":[50,5],"7":[2,2],"8":[4,4]},"f":{"1":22,"2":21},"fnMap":{"1":{"name":"loopDir","line":8,"loc":{"start":{"line":8,"column":1},"end":{"line":8,"column":23}}},"2":{"name":"test","line":30,"loc":{"start":{"line":30,"column":1},"end":{"line":30,"column":37}}}},"statementMap":{"1":{"start":{"line":2,"column":0},"end":{"line":2,"column":47}},"2":{"start":{"line":3,"column":0},"end":{"line":3,"column":25}},"3":{"start":{"line":4,"column":0},"end":{"line":4,"column":42}},"4":{"start":{"line":5,"column":0},"end":{"line":81,"column":3}},"5":{"start":{"line":6,"column":1},"end":{"line":6,"column":19}},"6":{"start":{"line":8,"column":1},"end":{"line":27,"column":2}},"7":{"start":{"line":9,"column":2},"end":{"line":9,"column":45}},"8":{"start":{"line":9,"column":34},"end":{"line":9,"column":45}},"9":{"start":{"line":10,"column":2},"end":{"line":10,"column":33}},"10":{"start":{"line":11,"column":2},"end":{"line":26,"column":5}},"11":{"start":{"line":12,"column":3},"end":{"line":25,"column":4}},"12":{"start":{"line":13,"column":4},"end":{"line":13,"column":27}},"13":{"start":{"line":14,"column":4},"end":{"line":24,"column":5}},"14":{"start":{"line":15,"column":5},"end":{"line":15,"column":21}},"15":{"start":{"line":17,"column":5},"end":{"line":23,"column":6}},"16":{"start":{"line":22,"column":6},"end":{"line":22,"column":35}},"17":{"start":{"line":30,"column":1},"end":{"line":80,"column":2}},"18":{"start":{"line":31,"column":2},"end":{"line":37,"column":4}},"19":{"start":{"line":38,"column":2},"end":{"line":38,"column":25}},"20":{"start":{"line":39,"column":2},"end":{"line":39,"column":16}},"21":{"start":{"line":40,"column":2},"end":{"line":40,"column":29}},"22":{"start":{"line":41,"column":2},"end":{"line":52,"column":5}},"23":{"start":{"line":42,"column":3},"end":{"line":42,"column":37}},"24":{"start":{"line":43,"column":3},"end":{"line":51,"column":4}},"25":{"start":{"line":44,"column":4},"end":{"line":48,"column":5}},"26":{"start":{"line":45,"column":5},"end":{"line":45,"column":46}},"27":{"start":{"line":47,"column":5},"end":{"line":47,"column":53}},"28":{"start":{"line":49,"column":10},"end":{"line":51,"column":4}},"29":{"start":{"line":50,"column":4},"end":{"line":50,"column":20}},"30":{"start":{"line":53,"column":2},"end":{"line":53,"column":25}},"31":{"start":{"line":54,"column":2},"end":{"line":62,"column":3}},"32":{"start":{"line":64,"column":2},"end":{"line":64,"column":35}},"33":{"start":{"line":65,"column":2},"end":{"line":65,"column":34}},"34":{"start":{"line":66,"column":2},"end":{"line":69,"column":5}},"35":{"start":{"line":67,"column":3},"end":{"line":67,"column":84}},"36":{"start":{"line":68,"column":3},"end":{"line":68,"column":69}},"37":{"start":{"line":71,"column":2},"end":{"line":74,"column":5}},"38":{"start":{"line":72,"column":3},"end":{"line":72,"column":83}},"39":{"start":{"line":73,"column":3},"end":{"line":73,"column":66}},"40":{"start":{"line":76,"column":2},"end":{"line":79,"column":5}},"41":{"start":{"line":77,"column":3},"end":{"line":77,"column":85}},"42":{"start":{"line":78,"column":3},"end":{"line":78,"column":87}}},"branchMap":{"1":{"line":9,"type":"if","locations":[{"start":{"line":9,"column":2},"end":{"line":9,"column":2}},{"start":{"line":9,"column":2},"end":{"line":9,"column":2}}]},"2":{"line":12,"type":"if","locations":[{"start":{"line":12,"column":3},"end":{"line":12,"column":3}},{"start":{"line":12,"column":3},"end":{"line":12,"column":3}}]},"3":{"line":14,"type":"if","locations":[{"start":{"line":14,"column":4},"end":{"line":14,"column":4}},{"start":{"line":14,"column":4},"end":{"line":14,"column":4}}]},"4":{"line":17,"type":"if","locations":[{"start":{"line":17,"column":5},"end":{"line":17,"column":5}},{"start":{"line":17,"column":5},"end":{"line":17,"column":5}}]},"5":{"line":43,"type":"if","locations":[{"start":{"line":43,"column":3},"end":{"line":43,"column":3}},{"start":{"line":43,"column":3},"end":{"line":43,"column":3}}]},"6":{"line":44,"type":"if","locations":[{"start":{"line":44,"column":4},"end":{"line":44,"column":4}},{"start":{"line":44,"column":4},"end":{"line":44,"column":4}}]},"7":{"line":49,"type":"if","locations":[{"start":{"line":49,"column":10},"end":{"line":49,"column":10}},{"start":{"line":49,"column":10},"end":{"line":49,"column":10}}]},"8":{"line":49,"type":"binary-expr","locations":[{"start":{"line":49,"column":14},"end":{"line":49,"column":26}},{"start":{"line":49,"column":30},"end":{"line":49,"column":40}}]}}}}