TN:
SF:/Users/leimengda/projects/React-native-AWS/AWSSignature/spec/AWSSignatureTest.js
FN:22,(anonymous_1)
FN:29,(anonymous_2)
FN:36,(anonymous_3)
FN:43,(anonymous_4)
FN:50,(anonymous_5)
FN:57,(anonymous_6)
FN:87,(anonymous_7)
FNF:7
FNH:7
FNDA:1,(anonymous_1)
FNDA:1,(anonymous_2)
FNDA:1,(anonymous_3)
FNDA:1,(anonymous_4)
FNDA:1,(anonymous_5)
FNDA:1,(anonymous_6)
FNDA:1,(anonymous_7)
DA:2,1
DA:3,1
DA:4,1
DA:5,1
DA:6,1
DA:7,15
DA:9,1
DA:10,1
DA:11,1
DA:12,1
DA:16,1
DA:17,1
DA:20,1
DA:21,1
DA:23,1
DA:25,1
DA:28,1
DA:29,1
DA:30,1
DA:32,1
DA:35,1
DA:36,1
DA:37,1
DA:39,1
DA:42,1
DA:43,1
DA:44,1
DA:46,1
DA:49,1
DA:50,1
DA:51,1
DA:53,1
DA:56,1
DA:57,1
DA:58,1
DA:60,1
DA:65,1
DA:66,1
DA:67,1
DA:68,1
DA:69,1
DA:72,1
DA:73,1
DA:75,1
DA:78,1
DA:79,1
DA:81,1
DA:82,1
DA:86,1
DA:87,1
DA:88,1
DA:90,1
DA:95,1
DA:96,1
DA:100,1
DA:113,1
DA:115,1
DA:116,4
DA:119,1
DA:120,1
DA:122,1
DA:125,1
DA:126,1
DA:128,1
DA:131,1
DA:132,1
DA:133,1
DA:136,1
DA:137,1
DA:138,1
LF:70
LH:70
BRF:0
BRH:0
end_of_record
TN:
SF:/Users/leimengda/projects/React-native-AWS/AWSSignature/lib/AWSSignature.js
FN:32,(anonymous_1)
FN:35,(anonymous_2)
FN:47,(anonymous_3)
FN:58,(anonymous_4)
FN:68,(anonymous_5)
FN:77,(anonymous_6)
FN:83,(anonymous_7)
FN:100,(anonymous_8)
FN:115,(anonymous_9)
FN:120,(anonymous_10)
FN:124,(anonymous_11)
FN:149,(anonymous_12)
FN:158,(anonymous_13)
FN:163,(anonymous_14)
FN:167,(anonymous_15)
FN:177,(anonymous_16)
FN:181,(anonymous_17)
FN:186,(anonymous_18)
FN:195,(anonymous_19)
FN:205,(anonymous_20)
FN:209,(anonymous_21)
FN:214,(anonymous_22)
FN:221,(anonymous_23)
FNF:23
FNH:22
FNDA:36,(anonymous_1)
FNDA:25,(anonymous_2)
FNDA:67,(anonymous_3)
FNDA:45,(anonymous_4)
FNDA:23,(anonymous_5)
FNDA:22,(anonymous_6)
FNDA:81,(anonymous_7)
FNDA:25,(anonymous_8)
FNDA:29,(anonymous_9)
FNDA:90,(anonymous_10)
FNDA:26,(anonymous_11)
FNDA:67,(anonymous_12)
FNDA:67,(anonymous_13)
FNDA:91,(anonymous_14)
FNDA:158,(anonymous_15)
FNDA:158,(anonymous_16)
FNDA:368,(anonymous_17)
FNDA:89,(anonymous_18)
FNDA:67,(anonymous_19)
FNDA:112,(anonymous_20)
FNDA:42,(anonymous_21)
FNDA:0,(anonymous_22)
FNDA:115,(anonymous_23)
DA:2,1
DA:3,1
DA:5,1
DA:6,1
DA:7,1
DA:16,1
DA:25,1
DA:36,25
DA:37,25
DA:38,25
DA:39,25
DA:40,25
DA:41,25
DA:42,25
DA:43,25
DA:44,25
DA:48,67
DA:49,67
DA:50,67
DA:51,67
DA:52,67
DA:53,67
DA:54,67
DA:55,67
DA:59,45
DA:60,45
DA:61,45
DA:62,45
DA:63,45
DA:65,45
DA:69,23
DA:74,23
DA:78,22
DA:80,22
DA:84,81
DA:85,81
DA:86,80
DA:87,79
DA:88,78
DA:90,286
DA:91,77
DA:92,254
DA:95,77
DA:96,1
DA:101,25
DA:102,25
DA:103,25
DA:104,25
DA:105,0
DA:106,0
DA:108,0
DA:111,25
DA:116,29
DA:117,28
DA:121,90
DA:125,26
DA:126,13
DA:127,13
DA:128,8
DA:129,6
DA:130,2
DA:131,0
DA:132,2
DA:133,2
DA:134,0
DA:135,0
DA:137,0
DA:141,13
DA:142,21
DA:144,21
DA:150,67
DA:151,67
DA:152,67
DA:153,67
DA:154,67
DA:155,67
DA:159,67
DA:160,67
DA:161,158
DA:163,67
DA:164,91
DA:166,67
DA:167,67
DA:168,158
DA:169,158
DA:170,158
DA:174,67
DA:178,158
DA:182,368
DA:183,212
DA:187,89
DA:188,89
DA:189,210
DA:190,210
DA:192,89
DA:196,67
DA:197,0
DA:198,67
DA:199,0
DA:201,67
DA:206,112
DA:210,42
DA:211,42
DA:214,42
DA:215,0
DA:218,42
DA:222,115
DA:223,23
DA:225,92
DA:230,1
LF:110
LH:100
BRDA:85,1,0,1
BRDA:85,1,1,80
BRDA:86,2,0,1
BRDA:86,2,1,79
BRDA:87,3,0,1
BRDA:87,3,1,78
BRDA:88,4,0,1
BRDA:88,4,1,77
BRDA:92,5,0,1
BRDA:92,5,1,253
BRDA:95,6,0,1
BRDA:95,6,1,76
BRDA:104,7,0,0
BRDA:104,7,1,25
BRDA:105,8,0,0
BRDA:105,8,1,0
BRDA:116,9,0,1
BRDA:116,9,1,28
BRDA:125,10,0,13
BRDA:125,10,1,13
BRDA:128,11,0,6
BRDA:128,11,1,2
BRDA:130,12,0,0
BRDA:130,12,1,2
BRDA:132,13,0,2
BRDA:132,13,1,0
BRDA:134,14,0,0
BRDA:134,14,1,0
BRDA:143,15,0,21
BRDA:143,15,1,1
BRDA:164,16,0,87
BRDA:164,16,1,4
BRDA:169,17,0,158
BRDA:169,17,1,0
BRDA:182,18,0,156
BRDA:182,18,1,212
BRDA:190,19,0,210
BRDA:190,19,1,0
BRDA:196,20,0,0
BRDA:196,20,1,67
BRDA:198,21,0,0
BRDA:198,21,1,67
BRDA:201,22,0,67
BRDA:201,22,1,61
BRDA:222,23,0,23
BRDA:222,23,1,92
BRDA:222,24,0,115
BRDA:222,24,1,23
BRF:48
BRH:37
end_of_record
TN:
SF:/Users/leimengda/projects/React-native-AWS/AWSSignature/spec/AWSSignatureWithAWSTestSuiteTest.js
FN:8,loopDir
FN:30,test
FNF:2
FNH:2
FNDA:22,loopDir
FNDA:21,test
DA:2,1
DA:3,1
DA:4,1
DA:5,1
DA:6,1
DA:8,1
DA:9,22
DA:10,22
DA:11,22
DA:12,136
DA:13,126
DA:14,126
DA:15,21
DA:17,105
DA:22,21
DA:30,1
DA:31,21
DA:38,21
DA:39,21
DA:40,21
DA:41,21
DA:42,59
DA:43,59
DA:44,55
DA:45,50
DA:47,5
DA:49,4
DA:50,2
DA:53,21
DA:54,21
DA:64,21
DA:65,21
DA:66,21
DA:67,21
DA:68,21
DA:71,21
DA:72,21
DA:73,21
DA:76,21
DA:77,21
DA:78,21
LF:41
LH:41
BRDA:9,1,0,21
BRDA:9,1,1,1
BRDA:12,2,0,126
BRDA:12,2,1,10
BRDA:14,3,0,21
BRDA:14,3,1,105
BRDA:17,4,0,21
BRDA:17,4,1,84
BRDA:43,5,0,55
BRDA:43,5,1,4
BRDA:44,6,0,50
BRDA:44,6,1,5
BRDA:49,7,0,2
BRDA:49,7,1,2
BRDA:49,8,0,4
BRDA:49,8,1,4
BRF:16
BRH:16
end_of_record
